<?xml version="1.0" encoding="UTF-8"?>
<!-- Generated by org.testng.reporters.JUnitXMLReporter -->
<testsuite ignored="2" hostname="DESKTOP-T32R7UN" failures="1" tests="2" name="Test(failed)" time="14.422" errors="0" timestamp="2023-10-12T09:37:00 IST">
  <testcase classname="com.tutorialsninja.qa.testcases.RegisterTest" name="verifyRegisterPageByProvidingAllTheFields" time="0.064">
    <failure type="java.lang.IllegalArgumentException" message="Keys to send should be a not null CharSequence">
      <![CDATA[java.lang.IllegalArgumentException: Keys to send should be a not null CharSequence
at org.openqa.selenium.remote.RemoteWebElement.sendKeys(RemoteWebElement.java:97)
at org.openqa.selenium.support.pagefactory.internal.LocatingElementHandler.invoke(LocatingElementHandler.java:51)
at jdk.proxy2/jdk.proxy2.$Proxy17.sendKeys(Unknown Source)
at com.tutorialsninja.qa.pageobjects.RegisterPage.registerWithAllFields(RegisterPage.java:96)
at com.tutorialsninja.qa.testcases.RegisterTest.verifyRegisterPageByProvidingAllTheFields(RegisterTest.java:102)
at java.base/java.util.ArrayList.forEach(ArrayList.java:1511)
... Removed 31 stack frames]]>
    </failure>
  </testcase> <!-- verifyRegisterPageByProvidingAllTheFields -->
  <testcase classname="com.tutorialsninja.qa.testcases.RegisterTest" name="verifyRegstringByProvidingExistingAccountDetails" time="0.0">
    <skipped/>
  </testcase> <!-- verifyRegstringByProvidingExistingAccountDetails -->
  <testcase classname="com.tutorialsninja.qa.testcases.RegisterTest" name="verifyRegisterAccountWithMandatoryFields" time="0.0">
    <ignored/>
  </testcase> <!-- verifyRegisterAccountWithMandatoryFields -->
  <testcase classname="com.tutorialsninja.qa.testcases.RegisterTest" name="verifyRegisterAccountWithoutFillingAnyDetails" time="0.0">
    <ignored/>
  </testcase> <!-- verifyRegisterAccountWithoutFillingAnyDetails -->
</testsuite> <!-- Test(failed) -->
